# JRE version: Java(TM) SE Runtime Environment (8.0_191-b12) (build 1.8.0_191-b12)
# Java VM: Java HotSpot(TM) 64-Bit Server VM (25.191-b12 mixed mode windows-amd64 compressed oops)
Heap:
 PSYoungGen      total 111104K, used 43340K [0x00000000d5f00000, 0x00000000de300000, 0x0000000100000000)
  eden space 90112K, 37% used [0x00000000d5f00000,0x00000000d800fc18,0x00000000db700000)
  from space 20992K, 45% used [0x00000000db700000,0x00000000dc0434b8,0x00000000dcb80000)
  to   space 20480K, 0% used [0x00000000dcf00000,0x00000000dcf00000,0x00000000de300000)
 ParOldGen       total 132608K, used 43332K [0x0000000081c00000, 0x0000000089d80000, 0x00000000d5f00000)
  object space 132608K, 32% used [0x0000000081c00000,0x0000000084651068,0x0000000089d80000)
 Metaspace       used 105771K, capacity 113520K, committed 113792K, reserved 1148928K
  class space    used 12380K, capacity 13890K, committed 13952K, reserved 1048576K
GC Heap History (10 events):
Event: 6069.302 GC heap before
{Heap before GC invocations=586 (full 28):
 PSYoungGen      total 101888K, used 85917K [0x00000000d5f00000, 0x00000000dde80000, 0x0000000100000000)
  eden space 88576K, 81% used [0x00000000d5f00000,0x00000000da5ec5a0,0x00000000db580000)
  from space 13312K, 99% used [0x00000000db780000,0x00000000dc47b040,0x00000000dc480000)
  to   space 20992K, 0% used [0x00000000dca00000,0x00000000dca00000,0x00000000dde80000)
 ParOldGen       total 132608K, used 50064K [0x0000000081c00000, 0x0000000089d80000, 0x00000000d5f00000)
  object space 132608K, 37% used [0x0000000081c00000,0x0000000084ce4010,0x0000000089d80000)
 Metaspace       used 104608K, capacity 112348K, committed 112384K, reserved 1148928K
  class space    used 12291K, capacity 13796K, committed 13824K, reserved 1048576K
Event: 6069.330 GC heap after
Heap after GC invocations=586 (full 28):
 PSYoungGen      total 109568K, used 7692K [0x00000000d5f00000, 0x00000000dde80000, 0x0000000100000000)
  eden space 88576K, 0% used [0x00000000d5f00000,0x00000000d5f00000,0x00000000db580000)
  from space 20992K, 36% used [0x00000000dca00000,0x00000000dd1831c0,0x00000000dde80000)
  to   space 20992K, 0% used [0x00000000db580000,0x00000000db580000,0x00000000dca00000)
 ParOldGen       total 132608K, used 52040K [0x0000000081c00000, 0x0000000089d80000, 0x00000000d5f00000)
  object space 132608K, 39% used [0x0000000081c00000,0x0000000084ed2010,0x0000000089d80000)
 Metaspace       used 104608K, capacity 112348K, committed 112384K, reserved 1148928K
  class space    used 12291K, capacity 13796K, committed 13824K, reserved 1048576K
}
Event: 6069.330 GC heap before
{Heap before GC invocations=587 (full 29):
 PSYoungGen      total 109568K, used 7692K [0x00000000d5f00000, 0x00000000dde80000, 0x0000000100000000)
  eden space 88576K, 0% used [0x00000000d5f00000,0x00000000d5f00000,0x00000000db580000)
  from space 20992K, 36% used [0x00000000dca00000,0x00000000dd1831c0,0x00000000dde80000)
  to   space 20992K, 0% used [0x00000000db580000,0x00000000db580000,0x00000000dca00000)
 ParOldGen       total 132608K, used 52040K [0x0000000081c00000, 0x0000000089d80000, 0x00000000d5f00000)
  object space 132608K, 39% used [0x0000000081c00000,0x0000000084ed2010,0x0000000089d80000)
 Metaspace       used 104608K, capacity 112348K, committed 112384K, reserved 1148928K
  class space    used 12291K, capacity 13796K, committed 13824K, reserved 1048576K
Event: 6069.764 GC heap after
Heap after GC invocations=587 (full 29):
 PSYoungGen      total 109568K, used 0K [0x00000000d5f00000, 0x00000000dde80000, 0x0000000100000000)
  eden space 88576K, 0% used [0x00000000d5f00000,0x00000000d5f00000,0x00000000db580000)
  from space 20992K, 0% used [0x00000000dca00000,0x00000000dca00000,0x00000000dde80000)
  to   space 20992K, 0% used [0x00000000db580000,0x00000000db580000,0x00000000dca00000)
 ParOldGen       total 132608K, used 43324K [0x0000000081c00000, 0x0000000089d80000, 0x00000000d5f00000)
  object space 132608K, 32% used [0x0000000081c00000,0x000000008464f068,0x0000000089d80000)
 Metaspace       used 104575K, capacity 112288K, committed 112384K, reserved 1148928K
  class space    used 12285K, capacity 13782K, committed 13824K, reserved 1048576K
}
Event: 6070.628 GC heap before
{Heap before GC invocations=588 (full 29):
 PSYoungGen      total 109568K, used 88523K [0x00000000d5f00000, 0x00000000dde80000, 0x0000000100000000)
  eden space 88576K, 99% used [0x00000000d5f00000,0x00000000db572cd8,0x00000000db580000)
  from space 20992K, 0% used [0x00000000dca00000,0x00000000dca00000,0x00000000dde80000)
  to   space 20992K, 0% used [0x00000000db580000,0x00000000db580000,0x00000000dca00000)
 ParOldGen       total 132608K, used 43324K [0x0000000081c00000, 0x0000000089d80000, 0x00000000d5f00000)
  object space 132608K, 32% used [0x0000000081c00000,0x000000008464f068,0x0000000089d80000)
 Metaspace       used 104906K, capacity 112664K, committed 113024K, reserved 1148928K
  class space    used 12321K, capacity 13822K, committed 13952K, reserved 1048576K
Event: 6070.634 GC heap after
Heap after GC invocations=588 (full 29):
 PSYoungGen      total 109568K, used 4040K [0x00000000d5f00000, 0x00000000de080000, 0x0000000100000000)
  eden space 88576K, 0% used [0x00000000d5f00000,0x00000000d5f00000,0x00000000db580000)
  from space 20992K, 19% used [0x00000000db580000,0x00000000db972168,0x00000000dca00000)
  to   space 21504K, 0% used [0x00000000dcb80000,0x00000000dcb80000,0x00000000de080000)
 ParOldGen       total 132608K, used 43324K [0x0000000081c00000, 0x0000000089d80000, 0x00000000d5f00000)
  object space 132608K, 32% used [0x0000000081c00000,0x000000008464f068,0x0000000089d80000)
 Metaspace       used 104906K, capacity 112664K, committed 113024K, reserved 1148928K
  class space    used 12321K, capacity 13822K, committed 13952K, reserved 1048576K
}
Event: 6071.248 GC heap before
{Heap before GC invocations=589 (full 29):
 PSYoungGen      total 109568K, used 92616K [0x00000000d5f00000, 0x00000000de080000, 0x0000000100000000)
  eden space 88576K, 100% used [0x00000000d5f00000,0x00000000db580000,0x00000000db580000)
  from space 20992K, 19% used [0x00000000db580000,0x00000000db972168,0x00000000dca00000)
  to   space 21504K, 0% used [0x00000000dcb80000,0x00000000dcb80000,0x00000000de080000)
 ParOldGen       total 132608K, used 43324K [0x0000000081c00000, 0x0000000089d80000, 0x00000000d5f00000)
  object space 132608K, 32% used [0x0000000081c00000,0x000000008464f068,0x0000000089d80000)
 Metaspace       used 105149K, capacity 112888K, committed 113024K, reserved 1148928K
  class space    used 12340K, capacity 13854K, committed 13952K, reserved 1048576K
Event: 6071.258 GC heap after
Heap after GC invocations=589 (full 29):
 PSYoungGen      total 111616K, used 6143K [0x00000000d5f00000, 0x00000000de100000, 0x0000000100000000)
  eden space 90112K, 0% used [0x00000000d5f00000,0x00000000d5f00000,0x00000000db700000)
  from space 21504K, 28% used [0x00000000dcb80000,0x00000000dd17fcb0,0x00000000de080000)
  to   space 20992K, 0% used [0x00000000db700000,0x00000000db700000,0x00000000dcb80000)
 ParOldGen       total 132608K, used 43332K [0x0000000081c00000, 0x0000000089d80000, 0x00000000d5f00000)
  object space 132608K, 32% used [0x0000000081c00000,0x0000000084651068,0x0000000089d80000)
 Metaspace       used 105149K, capacity 112888K, committed 113024K, reserved 1148928K
  class space    used 12340K, capacity 13854K, committed 13952K, reserved 1048576K
}
Event: 6071.938 GC heap before
{Heap before GC invocations=590 (full 29):
 PSYoungGen      total 111616K, used 96255K [0x00000000d5f00000, 0x00000000de100000, 0x0000000100000000)
  eden space 90112K, 100% used [0x00000000d5f00000,0x00000000db700000,0x00000000db700000)
  from space 21504K, 28% used [0x00000000dcb80000,0x00000000dd17fcb0,0x00000000de080000)
  to   space 20992K, 0% used [0x00000000db700000,0x00000000db700000,0x00000000dcb80000)
 ParOldGen       total 132608K, used 43332K [0x0000000081c00000, 0x0000000089d80000, 0x00000000d5f00000)
  object space 132608K, 32% used [0x0000000081c00000,0x0000000084651068,0x0000000089d80000)
 Metaspace       used 105678K, capacity 113456K, committed 113536K, reserved 1148928K
  class space    used 12374K, capacity 13890K, committed 13952K, reserved 1048576K
Event: 6071.955 GC heap after
Heap after GC invocations=590 (full 29):
 PSYoungGen      total 111104K, used 9485K [0x00000000d5f00000, 0x00000000de300000, 0x0000000100000000)
  eden space 90112K, 0% used [0x00000000d5f00000,0x00000000d5f00000,0x00000000db700000)
  from space 20992K, 45% used [0x00000000db700000,0x00000000dc0434b8,0x00000000dcb80000)
  to   space 20480K, 0% used [0x00000000dcf00000,0x00000000dcf00000,0x00000000de300000)
 ParOldGen       total 132608K, used 43332K [0x0000000081c00000, 0x0000000089d80000, 0x00000000d5f00000)
  object space 132608K, 32% used [0x0000000081c00000,0x0000000084651068,0x0000000089d80000)
 Metaspace       used 105678K, capacity 113456K, committed 113536K, reserved 1148928K
  class space    used 12374K, capacity 13890K, committed 13952K, reserved 1048576K
}

