# JRE version: Java(TM) SE Runtime Environment (8.0_191-b12) (build 1.8.0_191-b12)
# Java VM: Java HotSpot(TM) 64-Bit Server VM (25.191-b12 mixed mode windows-amd64 compressed oops)
Heap:
 PSYoungGen      total 364032K, used 196666K [0x00000000d5f00000, 0x00000000ed600000, 0x0000000100000000)
  eden space 344064K, 57% used [0x00000000d5f00000,0x00000000e1f0eb40,0x00000000eaf00000)
  from space 19968K, 0% used [0x00000000ec280000,0x00000000ec280000,0x00000000ed600000)
  to   space 19968K, 0% used [0x00000000eaf00000,0x00000000eaf00000,0x00000000ec280000)
 ParOldGen       total 130048K, used 42926K [0x0000000081c00000, 0x0000000089b00000, 0x00000000d5f00000)
  object space 130048K, 33% used [0x0000000081c00000,0x00000000845eb960,0x0000000089b00000)
 Metaspace       used 86061K, capacity 91846K, committed 91904K, reserved 1130496K
  class space    used 10743K, capacity 11739K, committed 11776K, reserved 1048576K
GC Heap History (10 events):
Event: 1208.041 GC heap before
{Heap before GC invocations=66 (full 15):
 PSYoungGen      total 355840K, used 336896K [0x00000000d5f00000, 0x00000000ece00000, 0x0000000100000000)
  eden space 336896K, 100% used [0x00000000d5f00000,0x00000000ea800000,0x00000000ea800000)
  from space 18944K, 0% used [0x00000000ebb80000,0x00000000ebb80000,0x00000000ece00000)
  to   space 19456K, 0% used [0x00000000ea800000,0x00000000ea800000,0x00000000ebb00000)
 ParOldGen       total 130048K, used 42110K [0x0000000081c00000, 0x0000000089b00000, 0x00000000d5f00000)
  object space 130048K, 32% used [0x0000000081c00000,0x000000008451fb40,0x0000000089b00000)
 Metaspace       used 85214K, capacity 90884K, committed 91136K, reserved 1128448K
  class space    used 10662K, capacity 11650K, committed 11776K, reserved 1048576K
Event: 1208.053 GC heap after
Heap after GC invocations=66 (full 15):
 PSYoungGen      total 356352K, used 14092K [0x00000000d5f00000, 0x00000000ed400000, 0x0000000100000000)
  eden space 336896K, 0% used [0x00000000d5f00000,0x00000000d5f00000,0x00000000ea800000)
  from space 19456K, 72% used [0x00000000ea800000,0x00000000eb5c3188,0x00000000ebb00000)
  to   space 19968K, 0% used [0x00000000ec080000,0x00000000ec080000,0x00000000ed400000)
 ParOldGen       total 130048K, used 42118K [0x0000000081c00000, 0x0000000089b00000, 0x00000000d5f00000)
  object space 130048K, 32% used [0x0000000081c00000,0x0000000084521b40,0x0000000089b00000)
 Metaspace       used 85214K, capacity 90884K, committed 91136K, reserved 1128448K
  class space    used 10662K, capacity 11650K, committed 11776K, reserved 1048576K
}
Event: 1259.004 GC heap before
{Heap before GC invocations=67 (full 15):
 PSYoungGen      total 356352K, used 350988K [0x00000000d5f00000, 0x00000000ed400000, 0x0000000100000000)
  eden space 336896K, 100% used [0x00000000d5f00000,0x00000000ea800000,0x00000000ea800000)
  from space 19456K, 72% used [0x00000000ea800000,0x00000000eb5c3188,0x00000000ebb00000)
  to   space 19968K, 0% used [0x00000000ec080000,0x00000000ec080000,0x00000000ed400000)
 ParOldGen       total 130048K, used 42118K [0x0000000081c00000, 0x0000000089b00000, 0x00000000d5f00000)
  object space 130048K, 32% used [0x0000000081c00000,0x0000000084521b40,0x0000000089b00000)
 Metaspace       used 85274K, capacity 90974K, committed 91136K, reserved 1128448K
  class space    used 10674K, capacity 11665K, committed 11776K, reserved 1048576K
Event: 1259.016 GC heap after
Heap after GC invocations=67 (full 15):
 PSYoungGen      total 359936K, used 13693K [0x00000000d5f00000, 0x00000000ed300000, 0x0000000100000000)
  eden space 340992K, 0% used [0x00000000d5f00000,0x00000000d5f00000,0x00000000eac00000)
  from space 18944K, 72% used [0x00000000ec080000,0x00000000ecddf588,0x00000000ed300000)
  to   space 19968K, 0% used [0x00000000eac00000,0x00000000eac00000,0x00000000ebf80000)
 ParOldGen       total 130048K, used 42126K [0x0000000081c00000, 0x0000000089b00000, 0x00000000d5f00000)
  object space 130048K, 32% used [0x0000000081c00000,0x0000000084523b40,0x0000000089b00000)
 Metaspace       used 85274K, capacity 90974K, committed 91136K, reserved 1128448K
  class space    used 10674K, capacity 11665K, committed 11776K, reserved 1048576K
}
Event: 1306.380 GC heap before
{Heap before GC invocations=68 (full 15):
 PSYoungGen      total 359936K, used 354685K [0x00000000d5f00000, 0x00000000ed300000, 0x0000000100000000)
  eden space 340992K, 100% used [0x00000000d5f00000,0x00000000eac00000,0x00000000eac00000)
  from space 18944K, 72% used [0x00000000ec080000,0x00000000ecddf588,0x00000000ed300000)
  to   space 19968K, 0% used [0x00000000eac00000,0x00000000eac00000,0x00000000ebf80000)
 ParOldGen       total 130048K, used 42126K [0x0000000081c00000, 0x0000000089b00000, 0x00000000d5f00000)
  object space 130048K, 32% used [0x0000000081c00000,0x0000000084523b40,0x0000000089b00000)
 Metaspace       used 85288K, capacity 90992K, committed 91136K, reserved 1128448K
  class space    used 10677K, capacity 11668K, committed 11776K, reserved 1048576K
Event: 1306.391 GC heap after
Heap after GC invocations=68 (full 15):
 PSYoungGen      total 360960K, used 14205K [0x00000000d5f00000, 0x00000000ed600000, 0x0000000100000000)
  eden space 340992K, 0% used [0x00000000d5f00000,0x00000000d5f00000,0x00000000eac00000)
  from space 19968K, 71% used [0x00000000eac00000,0x00000000eb9df558,0x00000000ebf80000)
  to   space 19968K, 0% used [0x00000000ec280000,0x00000000ec280000,0x00000000ed600000)
 ParOldGen       total 130048K, used 42134K [0x0000000081c00000, 0x0000000089b00000, 0x00000000d5f00000)
  object space 130048K, 32% used [0x0000000081c00000,0x0000000084525b40,0x0000000089b00000)
 Metaspace       used 85288K, capacity 90992K, committed 91136K, reserved 1128448K
  class space    used 10677K, capacity 11668K, committed 11776K, reserved 1048576K
}
Event: 1332.946 GC heap before
{Heap before GC invocations=69 (full 15):
 PSYoungGen      total 360960K, used 174419K [0x00000000d5f00000, 0x00000000ed600000, 0x0000000100000000)
  eden space 340992K, 46% used [0x00000000d5f00000,0x00000000dfb75938,0x00000000eac00000)
  from space 19968K, 71% used [0x00000000eac00000,0x00000000eb9df558,0x00000000ebf80000)
  to   space 19968K, 0% used [0x00000000ec280000,0x00000000ec280000,0x00000000ed600000)
 ParOldGen       total 130048K, used 42134K [0x0000000081c00000, 0x0000000089b00000, 0x00000000d5f00000)
  object space 130048K, 32% used [0x0000000081c00000,0x0000000084525b40,0x0000000089b00000)
 Metaspace       used 85371K, capacity 91062K, committed 91392K, reserved 1128448K
  class space    used 10684K, capacity 11670K, committed 11776K, reserved 1048576K
Event: 1332.957 GC heap after
Heap after GC invocations=69 (full 15):
 PSYoungGen      total 364032K, used 9469K [0x00000000d5f00000, 0x00000000ed600000, 0x0000000100000000)
  eden space 344064K, 0% used [0x00000000d5f00000,0x00000000d5f00000,0x00000000eaf00000)
  from space 19968K, 47% used [0x00000000ec280000,0x00000000ecbbf6c8,0x00000000ed600000)
  to   space 19968K, 0% used [0x00000000eaf00000,0x00000000eaf00000,0x00000000ec280000)
 ParOldGen       total 130048K, used 42142K [0x0000000081c00000, 0x0000000089b00000, 0x00000000d5f00000)
  object space 130048K, 32% used [0x0000000081c00000,0x0000000084527b40,0x0000000089b00000)
 Metaspace       used 85371K, capacity 91062K, committed 91392K, reserved 1128448K
  class space    used 10684K, capacity 11670K, committed 11776K, reserved 1048576K
}
Event: 1332.957 GC heap before
{Heap before GC invocations=70 (full 16):
 PSYoungGen      total 364032K, used 9469K [0x00000000d5f00000, 0x00000000ed600000, 0x0000000100000000)
  eden space 344064K, 0% used [0x00000000d5f00000,0x00000000d5f00000,0x00000000eaf00000)
  from space 19968K, 47% used [0x00000000ec280000,0x00000000ecbbf6c8,0x00000000ed600000)
  to   space 19968K, 0% used [0x00000000eaf00000,0x00000000eaf00000,0x00000000ec280000)
 ParOldGen       total 130048K, used 42142K [0x0000000081c00000, 0x0000000089b00000, 0x00000000d5f00000)
  object space 130048K, 32% used [0x0000000081c00000,0x0000000084527b40,0x0000000089b00000)
 Metaspace       used 85371K, capacity 91062K, committed 91392K, reserved 1128448K
  class space    used 10684K, capacity 11670K, committed 11776K, reserved 1048576K
Event: 1333.260 GC heap after
Heap after GC invocations=70 (full 16):
 PSYoungGen      total 364032K, used 0K [0x00000000d5f00000, 0x00000000ed600000, 0x0000000100000000)
  eden space 344064K, 0% used [0x00000000d5f00000,0x00000000d5f00000,0x00000000eaf00000)
  from space 19968K, 0% used [0x00000000ec280000,0x00000000ec280000,0x00000000ed600000)
  to   space 19968K, 0% used [0x00000000eaf00000,0x00000000eaf00000,0x00000000ec280000)
 ParOldGen       total 130048K, used 42926K [0x0000000081c00000, 0x0000000089b00000, 0x00000000d5f00000)
  object space 130048K, 33% used [0x0000000081c00000,0x00000000845eb960,0x0000000089b00000)
 Metaspace       used 85361K, capacity 91044K, committed 91392K, reserved 1128448K
  class space    used 10682K, capacity 11666K, committed 11776K, reserved 1048576K
}

